04-Oct-2021 15:13:07.651 INFO [main] org.apache.catalina.core.ApplicationContext.log ContextListener: contextInitialized()
04-Oct-2021 15:13:07.652 INFO [main] org.apache.catalina.core.ApplicationContext.log SessionListener: contextInitialized()
04-Oct-2021 15:13:07.655 INFO [main] org.apache.catalina.core.ApplicationContext.log ContextListener: attributeAdded('StockTicker', 'async.Stockticker@47404bea')
04-Oct-2021 15:48:17.761 INFO [main] org.apache.catalina.core.ApplicationContext.log ContextListener: contextInitialized()
04-Oct-2021 15:48:17.761 INFO [main] org.apache.catalina.core.ApplicationContext.log SessionListener: contextInitialized()
04-Oct-2021 15:48:17.763 INFO [main] org.apache.catalina.core.ApplicationContext.log ContextListener: attributeAdded('StockTicker', 'async.Stockticker@15eebbff')
04-Oct-2021 16:01:14.608 INFO [main] org.apache.catalina.core.ApplicationContext.log ContextListener: contextInitialized()
04-Oct-2021 16:01:14.609 INFO [main] org.apache.catalina.core.ApplicationContext.log SessionListener: contextInitialized()
04-Oct-2021 16:01:14.611 INFO [main] org.apache.catalina.core.ApplicationContext.log ContextListener: attributeAdded('StockTicker', 'async.Stockticker@4de41af9')
04-Oct-2021 16:01:57.869 INFO [main] org.apache.catalina.core.ApplicationContext.log ContextListener: contextInitialized()
04-Oct-2021 16:01:57.869 INFO [main] org.apache.catalina.core.ApplicationContext.log SessionListener: contextInitialized()
04-Oct-2021 16:01:57.871 INFO [main] org.apache.catalina.core.ApplicationContext.log ContextListener: attributeAdded('StockTicker', 'async.Stockticker@1bb1fde8')
04-Oct-2021 16:22:44.705 INFO [main] org.apache.catalina.core.ApplicationContext.log ContextListener: contextInitialized()
04-Oct-2021 16:22:44.706 INFO [main] org.apache.catalina.core.ApplicationContext.log SessionListener: contextInitialized()
04-Oct-2021 16:22:44.710 INFO [main] org.apache.catalina.core.ApplicationContext.log ContextListener: attributeAdded('StockTicker', 'async.Stockticker@4de41af9')
04-Oct-2021 16:25:40.858 INFO [main] org.apache.catalina.core.ApplicationContext.log ContextListener: contextInitialized()
04-Oct-2021 16:25:40.859 INFO [main] org.apache.catalina.core.ApplicationContext.log SessionListener: contextInitialized()
04-Oct-2021 16:25:40.861 INFO [main] org.apache.catalina.core.ApplicationContext.log ContextListener: attributeAdded('StockTicker', 'async.Stockticker@47404bea')
04-Oct-2021 16:34:39.011 INFO [main] org.apache.catalina.core.ApplicationContext.log ContextListener: contextInitialized()
04-Oct-2021 16:34:39.012 INFO [main] org.apache.catalina.core.ApplicationContext.log SessionListener: contextInitialized()
04-Oct-2021 16:34:39.017 INFO [main] org.apache.catalina.core.ApplicationContext.log ContextListener: attributeAdded('StockTicker', 'async.Stockticker@15eebbff')
04-Oct-2021 16:40:01.087 INFO [main] org.apache.catalina.core.ApplicationContext.log ContextListener: contextInitialized()
04-Oct-2021 16:40:01.087 INFO [main] org.apache.catalina.core.ApplicationContext.log SessionListener: contextInitialized()
04-Oct-2021 16:40:01.090 INFO [main] org.apache.catalina.core.ApplicationContext.log ContextListener: attributeAdded('StockTicker', 'async.Stockticker@56ace400')
04-Oct-2021 16:41:04.130 INFO [main] org.apache.catalina.core.ApplicationContext.log ContextListener: contextInitialized()
04-Oct-2021 16:41:04.130 INFO [main] org.apache.catalina.core.ApplicationContext.log SessionListener: contextInitialized()
04-Oct-2021 16:41:04.134 INFO [main] org.apache.catalina.core.ApplicationContext.log ContextListener: attributeAdded('StockTicker', 'async.Stockticker@4de41af9')
04-Oct-2021 16:47:44.220 INFO [main] org.apache.catalina.core.ApplicationContext.log ContextListener: contextInitialized()
04-Oct-2021 16:47:44.220 INFO [main] org.apache.catalina.core.ApplicationContext.log SessionListener: contextInitialized()
04-Oct-2021 16:47:44.224 INFO [main] org.apache.catalina.core.ApplicationContext.log ContextListener: attributeAdded('StockTicker', 'async.Stockticker@2453f95d')
04-Oct-2021 17:00:34.739 INFO [main] org.apache.catalina.core.ApplicationContext.log ContextListener: contextInitialized()
04-Oct-2021 17:00:34.742 INFO [main] org.apache.catalina.core.ApplicationContext.log SessionListener: contextInitialized()
04-Oct-2021 17:00:34.744 INFO [main] org.apache.catalina.core.ApplicationContext.log ContextListener: attributeAdded('StockTicker', 'async.Stockticker@62fe6067')
04-Oct-2021 17:05:04.040 INFO [main] org.apache.catalina.core.ApplicationContext.log ContextListener: contextInitialized()
04-Oct-2021 17:05:04.040 INFO [main] org.apache.catalina.core.ApplicationContext.log SessionListener: contextInitialized()
04-Oct-2021 17:05:04.045 INFO [main] org.apache.catalina.core.ApplicationContext.log ContextListener: attributeAdded('StockTicker', 'async.Stockticker@42a9e5d1')
04-Oct-2021 17:06:45.036 INFO [main] org.apache.catalina.core.ApplicationContext.log ContextListener: contextInitialized()
04-Oct-2021 17:06:45.036 INFO [main] org.apache.catalina.core.ApplicationContext.log SessionListener: contextInitialized()
04-Oct-2021 17:06:45.044 INFO [main] org.apache.catalina.core.ApplicationContext.log ContextListener: attributeAdded('StockTicker', 'async.Stockticker@42a9e5d1')
04-Oct-2021 17:13:30.940 INFO [main] org.apache.catalina.core.ApplicationContext.log ContextListener: contextInitialized()
04-Oct-2021 17:13:30.941 INFO [main] org.apache.catalina.core.ApplicationContext.log SessionListener: contextInitialized()
04-Oct-2021 17:13:30.945 INFO [main] org.apache.catalina.core.ApplicationContext.log ContextListener: attributeAdded('StockTicker', 'async.Stockticker@65a4798f')
04-Oct-2021 17:16:35.227 INFO [main] org.apache.catalina.core.ApplicationContext.log ContextListener: contextInitialized()
04-Oct-2021 17:16:35.227 INFO [main] org.apache.catalina.core.ApplicationContext.log SessionListener: contextInitialized()
04-Oct-2021 17:16:35.229 INFO [main] org.apache.catalina.core.ApplicationContext.log ContextListener: attributeAdded('StockTicker', 'async.Stockticker@426b6a74')
04-Oct-2021 17:16:53.248 INFO [main] org.apache.catalina.core.ApplicationContext.log ContextListener: contextInitialized()
04-Oct-2021 17:16:53.248 INFO [main] org.apache.catalina.core.ApplicationContext.log SessionListener: contextInitialized()
04-Oct-2021 17:16:53.252 INFO [main] org.apache.catalina.core.ApplicationContext.log ContextListener: attributeAdded('StockTicker', 'async.Stockticker@71984c3')
04-Oct-2021 17:19:20.908 INFO [main] org.apache.catalina.core.ApplicationContext.log ContextListener: contextInitialized()
04-Oct-2021 17:19:20.908 INFO [main] org.apache.catalina.core.ApplicationContext.log SessionListener: contextInitialized()
04-Oct-2021 17:19:20.910 INFO [main] org.apache.catalina.core.ApplicationContext.log ContextListener: attributeAdded('StockTicker', 'async.Stockticker@71984c3')
04-Oct-2021 17:25:11.429 INFO [main] org.apache.catalina.core.ApplicationContext.log ContextListener: contextInitialized()
04-Oct-2021 17:25:11.429 INFO [main] org.apache.catalina.core.ApplicationContext.log SessionListener: contextInitialized()
04-Oct-2021 17:25:11.432 INFO [main] org.apache.catalina.core.ApplicationContext.log ContextListener: attributeAdded('StockTicker', 'async.Stockticker@426b6a74')
04-Oct-2021 17:27:16.313 INFO [main] org.apache.catalina.core.ApplicationContext.log SessionListener: contextDestroyed()
04-Oct-2021 17:27:16.313 INFO [main] org.apache.catalina.core.ApplicationContext.log ContextListener: contextDestroyed()
04-Oct-2021 17:29:39.242 INFO [main] org.apache.catalina.core.ApplicationContext.log ContextListener: contextInitialized()
04-Oct-2021 17:29:39.242 INFO [main] org.apache.catalina.core.ApplicationContext.log SessionListener: contextInitialized()
04-Oct-2021 17:29:39.247 INFO [main] org.apache.catalina.core.ApplicationContext.log ContextListener: attributeAdded('StockTicker', 'async.Stockticker@6f603e89')
04-Oct-2021 17:34:14.315 INFO [main] org.apache.catalina.core.ApplicationContext.log ContextListener: contextInitialized()
04-Oct-2021 17:34:14.316 INFO [main] org.apache.catalina.core.ApplicationContext.log SessionListener: contextInitialized()
04-Oct-2021 17:34:14.318 INFO [main] org.apache.catalina.core.ApplicationContext.log ContextListener: attributeAdded('StockTicker', 'async.Stockticker@426b6a74')
04-Oct-2021 17:34:14.641 INFO [main] org.apache.catalina.core.ApplicationContext.log SessionListener: contextDestroyed()
04-Oct-2021 17:34:14.641 INFO [main] org.apache.catalina.core.ApplicationContext.log ContextListener: contextDestroyed()
04-Oct-2021 17:35:44.675 INFO [main] org.apache.catalina.core.ApplicationContext.log ContextListener: contextInitialized()
04-Oct-2021 17:35:44.676 INFO [main] org.apache.catalina.core.ApplicationContext.log SessionListener: contextInitialized()
04-Oct-2021 17:35:44.679 INFO [main] org.apache.catalina.core.ApplicationContext.log ContextListener: attributeAdded('StockTicker', 'async.Stockticker@2c104774')
04-Oct-2021 18:11:47.684 INFO [main] org.apache.catalina.core.ApplicationContext.log ContextListener: contextInitialized()
04-Oct-2021 18:11:47.685 INFO [main] org.apache.catalina.core.ApplicationContext.log SessionListener: contextInitialized()
04-Oct-2021 18:11:47.690 INFO [main] org.apache.catalina.core.ApplicationContext.log ContextListener: attributeAdded('StockTicker', 'async.Stockticker@6f0ca692')
04-Oct-2021 18:45:38.667 INFO [main] org.apache.catalina.core.ApplicationContext.log SessionListener: contextDestroyed()
04-Oct-2021 18:45:38.668 INFO [main] org.apache.catalina.core.ApplicationContext.log ContextListener: contextDestroyed()
04-Oct-2021 18:46:16.713 INFO [main] org.apache.catalina.core.ApplicationContext.log ContextListener: contextInitialized()
04-Oct-2021 18:46:16.714 INFO [main] org.apache.catalina.core.ApplicationContext.log SessionListener: contextInitialized()
04-Oct-2021 18:46:16.715 INFO [main] org.apache.catalina.core.ApplicationContext.log ContextListener: attributeAdded('StockTicker', 'async.Stockticker@14422d9d')
04-Oct-2021 18:51:29.328 INFO [main] org.apache.catalina.core.ApplicationContext.log ContextListener: contextInitialized()
04-Oct-2021 18:51:29.328 INFO [main] org.apache.catalina.core.ApplicationContext.log SessionListener: contextInitialized()
04-Oct-2021 18:51:29.336 INFO [main] org.apache.catalina.core.ApplicationContext.log ContextListener: attributeAdded('StockTicker', 'async.Stockticker@664632e9')
04-Oct-2021 19:44:47.289 INFO [main] org.apache.catalina.core.ApplicationContext.log ContextListener: contextInitialized()
04-Oct-2021 19:44:47.289 INFO [main] org.apache.catalina.core.ApplicationContext.log SessionListener: contextInitialized()
04-Oct-2021 19:44:47.290 INFO [main] org.apache.catalina.core.ApplicationContext.log ContextListener: attributeAdded('StockTicker', 'async.Stockticker@3e377967')
04-Oct-2021 19:45:28.728 INFO [main] org.apache.catalina.core.ApplicationContext.log ContextListener: contextInitialized()
04-Oct-2021 19:45:28.728 INFO [main] org.apache.catalina.core.ApplicationContext.log SessionListener: contextInitialized()
04-Oct-2021 19:45:28.730 INFO [main] org.apache.catalina.core.ApplicationContext.log ContextListener: attributeAdded('StockTicker', 'async.Stockticker@7b25ab31')
04-Oct-2021 19:47:23.861 INFO [main] org.apache.catalina.core.ApplicationContext.log ContextListener: contextInitialized()
04-Oct-2021 19:47:23.861 INFO [main] org.apache.catalina.core.ApplicationContext.log SessionListener: contextInitialized()
04-Oct-2021 19:47:23.863 INFO [main] org.apache.catalina.core.ApplicationContext.log ContextListener: attributeAdded('StockTicker', 'async.Stockticker@4751e8b9')
04-Oct-2021 19:47:50.195 INFO [main] org.apache.catalina.core.ApplicationContext.log ContextListener: contextInitialized()
04-Oct-2021 19:47:50.195 INFO [main] org.apache.catalina.core.ApplicationContext.log SessionListener: contextInitialized()
04-Oct-2021 19:47:50.196 INFO [main] org.apache.catalina.core.ApplicationContext.log ContextListener: attributeAdded('StockTicker', 'async.Stockticker@68ddd415')
04-Oct-2021 19:48:28.400 INFO [main] org.apache.catalina.core.ApplicationContext.log ContextListener: contextInitialized()
04-Oct-2021 19:48:28.400 INFO [main] org.apache.catalina.core.ApplicationContext.log SessionListener: contextInitialized()
04-Oct-2021 19:48:28.402 INFO [main] org.apache.catalina.core.ApplicationContext.log ContextListener: attributeAdded('StockTicker', 'async.Stockticker@4dadd690')
04-Oct-2021 19:56:31.173 INFO [main] org.apache.catalina.core.ApplicationContext.log ContextListener: contextInitialized()
04-Oct-2021 19:56:31.173 INFO [main] org.apache.catalina.core.ApplicationContext.log SessionListener: contextInitialized()
04-Oct-2021 19:56:31.183 INFO [main] org.apache.catalina.core.ApplicationContext.log ContextListener: attributeAdded('StockTicker', 'async.Stockticker@14168e1')
04-Oct-2021 20:17:48.654 INFO [main] org.apache.catalina.core.ApplicationContext.log ContextListener: contextInitialized()
04-Oct-2021 20:17:48.654 INFO [main] org.apache.catalina.core.ApplicationContext.log SessionListener: contextInitialized()
04-Oct-2021 20:17:48.698 INFO [main] org.apache.catalina.core.ApplicationContext.log ContextListener: attributeAdded('StockTicker', 'async.Stockticker@10244722')
04-Oct-2021 20:26:34.927 INFO [main] org.apache.catalina.core.ApplicationContext.log ContextListener: contextInitialized()
04-Oct-2021 20:26:34.927 INFO [main] org.apache.catalina.core.ApplicationContext.log SessionListener: contextInitialized()
04-Oct-2021 20:26:34.930 INFO [main] org.apache.catalina.core.ApplicationContext.log ContextListener: attributeAdded('StockTicker', 'async.Stockticker@14168e1')
04-Oct-2021 20:44:47.570 INFO [main] org.apache.catalina.core.ApplicationContext.log ContextListener: contextInitialized()
04-Oct-2021 20:44:47.570 INFO [main] org.apache.catalina.core.ApplicationContext.log SessionListener: contextInitialized()
04-Oct-2021 20:44:47.579 INFO [main] org.apache.catalina.core.ApplicationContext.log ContextListener: attributeAdded('StockTicker', 'async.Stockticker@4b515eab')
